2017-08-16 11:53:37,580  INFO SpringBootTestContextBootstrapper:319 - Neither @ContextConfiguration nor @ContextHierarchy found for test class [com.example.demo.Springbootlog4jApplicationTests], using SpringBootContextLoader
2017-08-16 11:53:37,587  INFO AbstractContextLoader:264 - Could not detect default resource locations for test class [com.example.demo.Springbootlog4jApplicationTests]: no resource found for suffixes {-context.xml, Context.groovy}.
2017-08-16 11:53:37,638  INFO SpringBootTestContextBootstrapper:260 - Loaded default TestExecutionListener class names from location [META-INF/spring.factories]: [org.springframework.boot.test.mock.mockito.MockitoTestExecutionListener, org.springframework.boot.test.mock.mockito.ResetMocksTestExecutionListener, org.springframework.boot.test.autoconfigure.restdocs.RestDocsTestExecutionListener, org.springframework.boot.test.autoconfigure.web.client.MockRestServiceServerResetTestExecutionListener, org.springframework.boot.test.autoconfigure.web.servlet.MockMvcPrintOnlyOnFailureTestExecutionListener, org.springframework.boot.test.autoconfigure.web.servlet.WebDriverTestExecutionListener, org.springframework.test.context.web.ServletTestExecutionListener, org.springframework.test.context.support.DirtiesContextBeforeModesTestExecutionListener, org.springframework.test.context.support.DependencyInjectionTestExecutionListener, org.springframework.test.context.support.DirtiesContextTestExecutionListener, org.springframework.test.context.transaction.TransactionalTestExecutionListener, org.springframework.test.context.jdbc.SqlScriptsTestExecutionListener]
2017-08-16 11:53:37,647  INFO SpringBootTestContextBootstrapper:209 - Could not instantiate TestExecutionListener [org.springframework.test.context.transaction.TransactionalTestExecutionListener]. Specify custom listener classes or make the default listener classes (and their required dependencies) available. Offending class: [org/springframework/transaction/interceptor/TransactionAttributeSource]
2017-08-16 11:53:37,647  INFO SpringBootTestContextBootstrapper:209 - Could not instantiate TestExecutionListener [org.springframework.test.context.jdbc.SqlScriptsTestExecutionListener]. Specify custom listener classes or make the default listener classes (and their required dependencies) available. Offending class: [org/springframework/transaction/interceptor/TransactionAttribute]
2017-08-16 11:53:37,648  INFO SpringBootTestContextBootstrapper:187 - Using TestExecutionListeners: [org.springframework.test.context.web.ServletTestExecutionListener@1dfe2924, org.springframework.test.context.support.DirtiesContextBeforeModesTestExecutionListener@6ebc05a6, org.springframework.boot.test.autoconfigure.SpringBootDependencyInjectionTestExecutionListener@6e6c3152, org.springframework.test.context.support.DirtiesContextTestExecutionListener@50b494a6, org.springframework.boot.test.mock.mockito.MockitoTestExecutionListener@3cef309d, org.springframework.boot.test.autoconfigure.web.servlet.WebDriverTestExecutionListener@32709393, org.springframework.boot.test.autoconfigure.web.servlet.MockMvcPrintOnlyOnFailureTestExecutionListener@3d99d22e, org.springframework.boot.test.mock.mockito.ResetMocksTestExecutionListener@49fc609f, org.springframework.boot.test.autoconfigure.restdocs.RestDocsTestExecutionListener@cd2dae5, org.springframework.boot.test.autoconfigure.web.client.MockRestServiceServerResetTestExecutionListener@3a883ce7]
2017-08-16 11:53:37,947  INFO Springbootlog4jApplicationTests:48 - Starting Springbootlog4jApplicationTests on beikongguocai12 with PID 8808 (started by beikongguocai in G:\studay\springbootlog4j)
2017-08-16 11:53:37,947  INFO Springbootlog4jApplicationTests:597 - The following profiles are active: dev
2017-08-16 11:53:38,226  INFO GenericWebApplicationContext:583 - Refreshing org.springframework.web.context.support.GenericWebApplicationContext@4f209819: startup date [Wed Aug 16 11:53:38 CST 2017]; root of context hierarchy
2017-08-16 11:53:38,588  INFO Version:30 - HV000001: Hibernate Validator 5.3.5.Final
2017-08-16 11:53:39,821  INFO RequestMappingHandlerAdapter:534 - Looking for @ControllerAdvice: org.springframework.web.context.support.GenericWebApplicationContext@4f209819: startup date [Wed Aug 16 11:53:38 CST 2017]; root of context hierarchy
2017-08-16 11:53:39,875  INFO RequestMappingHandlerMapping:543 - Mapped "{[/hello],methods=[GET]}" onto public java.lang.String com.example.demo.controller.HelloController.hello()
2017-08-16 11:53:39,877  INFO RequestMappingHandlerMapping:543 - Mapped "{[/error]}" onto public org.springframework.http.ResponseEntity<java.util.Map<java.lang.String, java.lang.Object>> org.springframework.boot.autoconfigure.web.BasicErrorController.error(javax.servlet.http.HttpServletRequest)
2017-08-16 11:53:39,878  INFO RequestMappingHandlerMapping:543 - Mapped "{[/error],produces=[text/html]}" onto public org.springframework.web.servlet.ModelAndView org.springframework.boot.autoconfigure.web.BasicErrorController.errorHtml(javax.servlet.http.HttpServletRequest,javax.servlet.http.HttpServletResponse)
2017-08-16 11:53:39,911  INFO SimpleUrlHandlerMapping:362 - Mapped URL path [/webjars/**] onto handler of type [class org.springframework.web.servlet.resource.ResourceHttpRequestHandler]
2017-08-16 11:53:39,911  INFO SimpleUrlHandlerMapping:362 - Mapped URL path [/**] onto handler of type [class org.springframework.web.servlet.resource.ResourceHttpRequestHandler]
2017-08-16 11:53:39,952  INFO SimpleUrlHandlerMapping:362 - Mapped URL path [/**/favicon.ico] onto handler of type [class org.springframework.web.servlet.resource.ResourceHttpRequestHandler]
2017-08-16 11:53:40,079  INFO Springbootlog4jApplicationTests:57 - Started Springbootlog4jApplicationTests in 2.363 seconds (JVM running for 2.806)
2017-08-16 11:53:40,110  INFO Springbootlog4jApplicationTests:17 - infolevel
2017-08-16 11:53:40,111 ERROR Springbootlog4jApplicationTests:19 - errorleve
2017-08-16 11:53:40,116  INFO GenericWebApplicationContext:984 - Closing org.springframework.web.context.support.GenericWebApplicationContext@4f209819: startup date [Wed Aug 16 11:53:38 CST 2017]; root of context hierarchy
2017-08-16 11:55:29,535  INFO Springbootlog4jApplication:48 - Starting Springbootlog4jApplication on beikongguocai12 with PID 11408 (G:\studay\springbootlog4j\target\classes started by beikongguocai in G:\studay\springbootlog4j)
2017-08-16 11:55:29,541  INFO Springbootlog4jApplication:597 - The following profiles are active: dev
2017-08-16 11:55:29,574  INFO AnnotationConfigEmbeddedWebApplicationContext:583 - Refreshing org.springframework.boot.context.embedded.AnnotationConfigEmbeddedWebApplicationContext@e720b71: startup date [Wed Aug 16 11:55:29 CST 2017]; root of context hierarchy
2017-08-16 11:55:29,876  INFO Version:30 - HV000001: Hibernate Validator 5.3.5.Final
2017-08-16 11:55:30,748  INFO TomcatEmbeddedServletContainer:89 - Tomcat initialized with port(s): 8080 (http)
2017-08-16 11:55:30,860  INFO ContextLoader:276 - Root WebApplicationContext: initialization completed in 1288 ms
2017-08-16 11:55:31,006  INFO ServletRegistrationBean:190 - Mapping servlet: 'dispatcherServlet' to [/]
2017-08-16 11:55:31,009  INFO FilterRegistrationBean:258 - Mapping filter: 'characterEncodingFilter' to: [/*]
2017-08-16 11:55:31,010  INFO FilterRegistrationBean:258 - Mapping filter: 'hiddenHttpMethodFilter' to: [/*]
2017-08-16 11:55:31,010  INFO FilterRegistrationBean:258 - Mapping filter: 'httpPutFormContentFilter' to: [/*]
2017-08-16 11:55:31,010  INFO FilterRegistrationBean:258 - Mapping filter: 'requestContextFilter' to: [/*]
2017-08-16 11:55:31,299  INFO RequestMappingHandlerAdapter:534 - Looking for @ControllerAdvice: org.springframework.boot.context.embedded.AnnotationConfigEmbeddedWebApplicationContext@e720b71: startup date [Wed Aug 16 11:55:29 CST 2017]; root of context hierarchy
2017-08-16 11:55:31,350  INFO RequestMappingHandlerMapping:543 - Mapped "{[/hello],methods=[GET]}" onto public java.lang.String com.example.demo.controller.HelloController.hello()
2017-08-16 11:55:31,352  INFO RequestMappingHandlerMapping:543 - Mapped "{[/error]}" onto public org.springframework.http.ResponseEntity<java.util.Map<java.lang.String, java.lang.Object>> org.springframework.boot.autoconfigure.web.BasicErrorController.error(javax.servlet.http.HttpServletRequest)
2017-08-16 11:55:31,353  INFO RequestMappingHandlerMapping:543 - Mapped "{[/error],produces=[text/html]}" onto public org.springframework.web.servlet.ModelAndView org.springframework.boot.autoconfigure.web.BasicErrorController.errorHtml(javax.servlet.http.HttpServletRequest,javax.servlet.http.HttpServletResponse)
2017-08-16 11:55:31,393  INFO SimpleUrlHandlerMapping:362 - Mapped URL path [/webjars/**] onto handler of type [class org.springframework.web.servlet.resource.ResourceHttpRequestHandler]
2017-08-16 11:55:31,393  INFO SimpleUrlHandlerMapping:362 - Mapped URL path [/**] onto handler of type [class org.springframework.web.servlet.resource.ResourceHttpRequestHandler]
2017-08-16 11:55:31,427  INFO SimpleUrlHandlerMapping:362 - Mapped URL path [/**/favicon.ico] onto handler of type [class org.springframework.web.servlet.resource.ResourceHttpRequestHandler]
2017-08-16 11:55:31,531  INFO AnnotationMBeanExporter:431 - Registering beans for JMX exposure on startup
2017-08-16 11:55:31,575  INFO TomcatEmbeddedServletContainer:201 - Tomcat started on port(s): 8080 (http)
2017-08-16 11:55:31,578  INFO Springbootlog4jApplication:57 - Started Springbootlog4jApplication in 2.224 seconds (JVM running for 2.489)
2017-08-16 11:56:51,200  INFO DispatcherServlet:489 - FrameworkServlet 'dispatcherServlet': initialization started
2017-08-16 11:56:51,218  INFO DispatcherServlet:508 - FrameworkServlet 'dispatcherServlet': initialization completed in 17 ms
2017-08-16 11:56:51,239  INFO WebLogAspect:40 - URL : http://localhost:8080/hello
2017-08-16 11:56:51,240  INFO WebLogAspect:41 - HTTP_METHOD : GET
2017-08-16 11:56:51,240  INFO WebLogAspect:42 - IP : 0:0:0:0:0:0:0:1
2017-08-16 11:56:51,241  INFO WebLogAspect:43 - CLASS_METHOD : com.example.demo.controller.HelloController.hello
2017-08-16 11:56:51,242  INFO WebLogAspect:44 - ARGS : []
2017-08-16 11:56:51,245  INFO WebLogAspect:51 - RESPONSE : Hello
2017-08-16 11:56:51,246  INFO WebLogAspect:52 - SPEND TIME : 7
2017-08-16 13:26:02,806  INFO WebLogAspect:40 - URL : http://localhost:8080/hello
2017-08-16 13:26:02,807  INFO WebLogAspect:41 - HTTP_METHOD : GET
2017-08-16 13:26:02,807  INFO WebLogAspect:42 - IP : 0:0:0:0:0:0:0:1
2017-08-16 13:26:02,808  INFO WebLogAspect:43 - CLASS_METHOD : com.example.demo.controller.HelloController.hello
2017-08-16 13:26:02,808  INFO WebLogAspect:44 - ARGS : []
2017-08-16 13:26:02,808  INFO WebLogAspect:51 - RESPONSE : Hello
2017-08-16 13:26:02,808  INFO WebLogAspect:52 - SPEND TIME : 2
